{"name": "Test User Signup", "status": "broken", "statusDetails": {"message": "AttributeError: 'tuple' object has no attribute 'split'", "trace": "self = <pages.signup_page.SignupPage object at 0x000001AE7FD90E90>, locator = ('name', 'agency_name'), text = 'Achyut Agency'\n\n    def enter_text(self, locator, text):\n        try:\n>           element = self.find_element(locator)\n                      ^^^^^^^^^^^^^^^^^^^^^^^^^^\n\npages\\base_page.py:33: \n_ _ _ _ _ _ _ _ _ _ _ _ _ _ _ _ _ _ _ _ _ _ _ _ _ _ _ _ _ _ _ _ _ _ _ _ _ _ _ _ _ _ _ _ _ _ _ _ _ _ _ _ _ _ _ _ _ _ _ _ _ _ _ _ _ _ _ _ _ _\npages\\base_page.py:14: in find_element\n    return self.wait.until(EC.presence_of_element_located(locator))\n           ^^^^^^^^^^^^^^^^^^^^^^^^^^^^^^^^^^^^^^^^^^^^^^^^^^^^^^^^\n_ _ _ _ _ _ _ _ _ _ _ _ _ _ _ _ _ _ _ _ _ _ _ _ _ _ _ _ _ _ _ _ _ _ _ _ _ _ _ _ _ _ _ _ _ _ _ _ _ _ _ _ _ _ _ _ _ _ _ _ _ _ _ _ _ _ _ _ _ _\n\nself = <selenium.webdriver.support.wait.WebDriverWait (session=\"352dcbc7d4c7437052958ffe943cedd4\")>\nmethod = <function presence_of_element_located.<locals>._predicate at 0x000001AE7FDEB4C0>, message = ''\n\n    def until(self, method: Callable[[D], Literal[False] | T], message: str = \"\") -> T:\n        \"\"\"Wait until the method returns a value that is not False.\n    \n        Calls the method provided with the driver as an argument until the\n        return value does not evaluate to ``False``.\n    \n        Args:\n            method: A callable object that takes a WebDriver instance as an\n                argument.\n            message: Optional message for TimeoutException.\n    \n        Returns:\n            The result of the last call to `method`.\n    \n        Raises:\n            TimeoutException: If 'method' does not return a truthy value within\n                the WebDriverWait object's timeout.\n    \n        Example:\n            >>> from selenium.webdriver.common.by import By\n            >>> from selenium.webdriver.support.ui import WebDriverWait\n            >>> from selenium.webdriver.support import expected_conditions as EC\n            >>>\n            >>> # Wait until an element is visible on the page\n            >>> wait = WebDriverWait(driver, 10)\n            >>> element = wait.until(EC.visibility_of_element_located((By.ID, \"exampleId\")))\n            >>> print(element.text)\n        \"\"\"\n        screen = None\n        stacktrace = None\n    \n        end_time = time.monotonic() + self._timeout\n        while True:\n            try:\n                value = method(self._driver)\n                if value:\n                    return value\n            except self._ignored_exceptions as exc:\n                screen = getattr(exc, \"screen\", None)\n                stacktrace = getattr(exc, \"stacktrace\", None)\n            if time.monotonic() > end_time:\n                break\n            time.sleep(self._poll)\n>       raise TimeoutException(message, screen, stacktrace)\nE       selenium.common.exceptions.TimeoutException: Message: \nE       Stacktrace:\nE       Symbols not available. Dumping unresolved backtrace:\nE       \t0x7ff62aca88d5\nE       \t0x7ff62aca8930\nE       \t0x7ff62aa8165d\nE       \t0x7ff62aad9a33\nE       \t0x7ff62aad9d3c\nE       \t0x7ff62ab2df67\nE       \t0x7ff62ab2ac97\nE       \t0x7ff62aacac29\nE       \t0x7ff62aacba93\nE       \t0x7ff62afc0620\nE       \t0x7ff62afbaf60\nE       \t0x7ff62afd96c6\nE       \t0x7ff62acc5dd4\nE       \t0x7ff62acced7c\nE       \t0x7ff62acb1ff4\nE       \t0x7ff62acb21a5\nE       \t0x7ff62ac97ed2\nE       \t0x7ff8768d7374\nE       \t0x7ff87869cc91\n\nC:\\Users\\Admin\\AppData\\Local\\Programs\\Python\\Python312\\Lib\\site-packages\\selenium\\webdriver\\support\\wait.py:122: TimeoutException\n\nDuring handling of the above exception, another exception occurred:\n\nself = <tests.test_signup.TestSignup object at 0x000001AE7FD92A80>\nvalid_data = {'agency_address': 'Kathmandu, Nepal', 'agency_email': 'agencymail@gmail.com', 'agency_name': 'Achyut Agency', 'agency_website': 'www.agency.com', ...}\n\n    @allure.title(\"Test User Signup\")\n    @pytest.mark.parametrize(\"valid_data\",VALID_DATA)\n    def test_user_signup(self, valid_data):\n        with allure.step(\"Navigate to Login Page\"):\n            self.signup_page.click_login_link()\n            time.sleep(2)\n            assert_true(\"login\" in self.driver.current_url, \"Login page did not load correctly\", \"login_link\",self.signup_page)\n    \n        with allure.step(\"Navigate to Signup Page\"):\n            self.signup_page.click_signup_link()\n            time.sleep(2)\n            assert_true(\"register\" in self.driver.current_url, \"Signup page did not load correctly\",\"signup_link\", self.signup_page)\n    \n        with allure.step(\"Check privacy policy checkbox and click on continue\"):\n            self.signup_page.click_privacy_policy_checkbox()\n            self.signup_page.click_continue_button()\n    \n        with allure.step(\"Setting up account details and otp verification\"):\n            self.signup_page.enter_first_name(valid_data[\"first_name\"])\n            self.signup_page.enter_last_name(valid_data[\"last_name\"])\n            self.signup_page.enter_email(valid_data[\"email\"])\n            self.signup_page.enter_phone_number(valid_data[\"phone_number\"])\n            self.signup_page.enter_password(valid_data[\"password\"])\n            self.signup_page.enter_confirm_password(valid_data[\"confirm_password\"])\n            self.signup_page.click_next_button1()\n            time.sleep(20)\n            self.signup_page.enter_otp(get_otp_from_email())\n            self.signup_page.click_verify_code_button()\n    \n        with allure.step(\"Filling out Agency Details\"):\n>           self.signup_page.enter_agency_name(valid_data[\"agency_name\"])\n\ntests\\test_signup.py:52: \n_ _ _ _ _ _ _ _ _ _ _ _ _ _ _ _ _ _ _ _ _ _ _ _ _ _ _ _ _ _ _ _ _ _ _ _ _ _ _ _ _ _ _ _ _ _ _ _ _ _ _ _ _ _ _ _ _ _ _ _ _ _ _ _ _ _ _ _ _ _\npages\\signup_page.py:85: in enter_agency_name\n    self.enter_text(self.AGENCY_NAME_INPUT, agency_name)\n_ _ _ _ _ _ _ _ _ _ _ _ _ _ _ _ _ _ _ _ _ _ _ _ _ _ _ _ _ _ _ _ _ _ _ _ _ _ _ _ _ _ _ _ _ _ _ _ _ _ _ _ _ _ _ _ _ _ _ _ _ _ _ _ _ _ _ _ _ _\n\nself = <pages.signup_page.SignupPage object at 0x000001AE7FD90E90>, locator = ('name', 'agency_name'), text = 'Achyut Agency'\n\n    def enter_text(self, locator, text):\n        try:\n            element = self.find_element(locator)\n            element.clear()\n            element.send_keys(text)\n        except Exception as e:\n>           element_name = locator.split(\"/\"[-1]).replace(\"'\",\"\").replace('\"','')\n                           ^^^^^^^^^^^^^\nE           AttributeError: 'tuple' object has no attribute 'split'\n\npages\\base_page.py:37: AttributeError"}, "steps": [{"name": "Navigate to Login Page", "status": "passed", "start": 1769002533781, "stop": 1769002537314}, {"name": "Navigate to Signup Page", "status": "passed", "start": 1769002537315, "stop": 1769002539650}, {"name": "Check privacy policy checkbox and click on continue", "status": "passed", "start": 1769002539650, "stop": 1769002540072}, {"name": "Setting up account details and otp verification", "status": "passed", "start": 1769002540072, "stop": 1769002568832}, {"name": "Filling out Agency Details", "status": "broken", "statusDetails": {"message": "AttributeError: 'tuple' object has no attribute 'split'\n", "trace": "  File \"H:\\Automation\\VercelApp\\tests\\test_signup.py\", line 52, in test_user_signup\n    self.signup_page.enter_agency_name(valid_data[\"agency_name\"])\n  File \"H:\\Automation\\VercelApp\\pages\\signup_page.py\", line 85, in enter_agency_name\n    self.enter_text(self.AGENCY_NAME_INPUT, agency_name)\n  File \"H:\\Automation\\VercelApp\\pages\\base_page.py\", line 37, in enter_text\n    element_name = locator.split(\"/\"[-1]).replace(\"'\",\"\").replace('\"','')\n                   ^^^^^^^^^^^^^\n"}, "start": 1769002568832, "stop": 1769002579308}], "parameters": [{"name": "valid_data", "value": "{'first_name': 'Achyut', 'last_name': 'Dhakal', 'email': 'automationtest067+automations134@gmail.com', 'phone_number': '9825875489', 'password': 'Testtest7*', 'confirm_password': 'Testtest7*', 'agency_name': 'Achyut Agency', 'role_in_agency': 'Manager', 'agency_email': 'agencymail@gmail.com', 'agency_website': 'www.agency.com', 'agency_address': 'Kathmandu, Nepal', 'students_recruited': '50', 'focus_area': 'Engineering', 'success_metrics': '80', 'business_registration': '123456'}"}], "start": 1769002533776, "stop": 1769002580332, "uuid": "fdde5359-9a42-4ecb-b390-dc0d40afd41f", "historyId": "bbb43aaaf8a2055126550fffd02ac979", "testCaseId": "b55898f1993559ab401531a5299ad9e3", "fullName": "tests.test_signup.TestSignup#test_user_signup", "labels": [{"name": "parentSuite", "value": "tests"}, {"name": "suite", "value": "test_signup"}, {"name": "subSuite", "value": "TestSignup"}, {"name": "host", "value": "DESKTOP-3H9EBVT"}, {"name": "thread", "value": "11400-MainThread"}, {"name": "framework", "value": "pytest"}, {"name": "language", "value": "cpython3"}, {"name": "package", "value": "tests.test_signup"}], "titlePath": ["tests", "test_signup.py", "TestSignup"]}