{"name": "Test User Signup", "status": "broken", "statusDetails": {"message": "selenium.common.exceptions.TimeoutException: Message: \nStacktrace:\nSymbols not available. Dumping unresolved backtrace:\n\t0x7ff7d33188d5\n\t0x7ff7d3318930\n\t0x7ff7d30f165d\n\t0x7ff7d3149a33\n\t0x7ff7d3149d3c\n\t0x7ff7d319df67\n\t0x7ff7d319ac97\n\t0x7ff7d313ac29\n\t0x7ff7d313ba93\n\t0x7ff7d3630620\n\t0x7ff7d362af60\n\t0x7ff7d36496c6\n\t0x7ff7d3335dd4\n\t0x7ff7d333ed7c\n\t0x7ff7d3321ff4\n\t0x7ff7d33221a5\n\t0x7ff7d3307ed2\n\t0x7ff8768d7374\n\t0x7ff87869cc91", "trace": "self = <tests.test_signup.TestSignup object at 0x000001D092BF38C0>\nvalid_data = {'agency_address': 'Kathmandu, Nepal', 'agency_email': 'agencymail@gmail.com', 'agency_name': 'Achyut Agency', 'agency_website': 'www.agency.com', ...}\n\n    @allure.title(\"Test User Signup\")\n    @pytest.mark.parametrize(\"valid_data\",VALID_DATA)\n    def test_user_signup(self, valid_data):\n        allure.step(\"Navigate to Signup Page\")\n>       self.signup_page.click_login_link()\n\ntests\\test_signup.py:27: \n_ _ _ _ _ _ _ _ _ _ _ _ _ _ _ _ _ _ _ _ _ _ _ _ _ _ _ _ _ _ _ _ _ _ _ _ _ _ _ _ _ _ _ _ _ _ _ _ _ _ _ _ _ _ _ _ _ _ _ _ _ _ _ _ _ _ _ _ _ _\npages\\signup_page.py:46: in click_login_link\n    self.click_element(self.LOGIN_LINK)\npages\\base_page.py:20: in click_element\n    element = self.find_clickable_element(locator)\n              ^^^^^^^^^^^^^^^^^^^^^^^^^^^^^^^^^^^^\npages\\base_page.py:14: in find_clickable_element\n    return self.wait.until(EC.element_to_be_clickable(locator))\n           ^^^^^^^^^^^^^^^^^^^^^^^^^^^^^^^^^^^^^^^^^^^^^^^^^^^^\n_ _ _ _ _ _ _ _ _ _ _ _ _ _ _ _ _ _ _ _ _ _ _ _ _ _ _ _ _ _ _ _ _ _ _ _ _ _ _ _ _ _ _ _ _ _ _ _ _ _ _ _ _ _ _ _ _ _ _ _ _ _ _ _ _ _ _ _ _ _\n\nself = <selenium.webdriver.support.wait.WebDriverWait (session=\"9dc749143f87952fddc834f1d7d8ea7e\")>\nmethod = <function element_to_be_clickable.<locals>._predicate at 0x000001D092F4B240>, message = ''\n\n    def until(self, method: Callable[[D], Literal[False] | T], message: str = \"\") -> T:\n        \"\"\"Wait until the method returns a value that is not False.\n    \n        Calls the method provided with the driver as an argument until the\n        return value does not evaluate to ``False``.\n    \n        Args:\n            method: A callable object that takes a WebDriver instance as an\n                argument.\n            message: Optional message for TimeoutException.\n    \n        Returns:\n            The result of the last call to `method`.\n    \n        Raises:\n            TimeoutException: If 'method' does not return a truthy value within\n                the WebDriverWait object's timeout.\n    \n        Example:\n            >>> from selenium.webdriver.common.by import By\n            >>> from selenium.webdriver.support.ui import WebDriverWait\n            >>> from selenium.webdriver.support import expected_conditions as EC\n            >>>\n            >>> # Wait until an element is visible on the page\n            >>> wait = WebDriverWait(driver, 10)\n            >>> element = wait.until(EC.visibility_of_element_located((By.ID, \"exampleId\")))\n            >>> print(element.text)\n        \"\"\"\n        screen = None\n        stacktrace = None\n    \n        end_time = time.monotonic() + self._timeout\n        while True:\n            try:\n                value = method(self._driver)\n                if value:\n                    return value\n            except self._ignored_exceptions as exc:\n                screen = getattr(exc, \"screen\", None)\n                stacktrace = getattr(exc, \"stacktrace\", None)\n            if time.monotonic() > end_time:\n                break\n            time.sleep(self._poll)\n>       raise TimeoutException(message, screen, stacktrace)\nE       selenium.common.exceptions.TimeoutException: Message: \nE       Stacktrace:\nE       Symbols not available. Dumping unresolved backtrace:\nE       \t0x7ff7d33188d5\nE       \t0x7ff7d3318930\nE       \t0x7ff7d30f165d\nE       \t0x7ff7d3149a33\nE       \t0x7ff7d3149d3c\nE       \t0x7ff7d319df67\nE       \t0x7ff7d319ac97\nE       \t0x7ff7d313ac29\nE       \t0x7ff7d313ba93\nE       \t0x7ff7d3630620\nE       \t0x7ff7d362af60\nE       \t0x7ff7d36496c6\nE       \t0x7ff7d3335dd4\nE       \t0x7ff7d333ed7c\nE       \t0x7ff7d3321ff4\nE       \t0x7ff7d33221a5\nE       \t0x7ff7d3307ed2\nE       \t0x7ff8768d7374\nE       \t0x7ff87869cc91\n\nC:\\Users\\Admin\\AppData\\Local\\Programs\\Python\\Python312\\Lib\\site-packages\\selenium\\webdriver\\support\\wait.py:122: TimeoutException"}, "parameters": [{"name": "valid_data", "value": "{'first_name': 'Achyut', 'last_name': 'Dhakal', 'email': 'automationtest067+automations126@gmail.com', 'phone_number': '9858745126', 'password': 'Testtest7*', 'confirm_password': 'Testtest7*', 'agency_name': 'Achyut Agency', 'role_in_agency': 'Manager', 'agency_email': 'agencymail@gmail.com', 'agency_website': 'www.agency.com', 'agency_address': 'Kathmandu, Nepal', 'students_recruited': '50', 'focus_area': 'Engineering', 'success_metrics': '80', 'business_registration': '123456'}"}], "start": 1767974726893, "stop": 1767974736937, "uuid": "e515691a-2f8a-4b9a-bd2d-9249259b4c88", "historyId": "533387e4d1ab1e54f93a4eba9f082807", "testCaseId": "b55898f1993559ab401531a5299ad9e3", "fullName": "tests.test_signup.TestSignup#test_user_signup", "labels": [{"name": "parentSuite", "value": "tests"}, {"name": "suite", "value": "test_signup"}, {"name": "subSuite", "value": "TestSignup"}, {"name": "host", "value": "DESKTOP-3H9EBVT"}, {"name": "thread", "value": "5540-MainThread"}, {"name": "framework", "value": "pytest"}, {"name": "language", "value": "cpython3"}, {"name": "package", "value": "tests.test_signup"}], "titlePath": ["tests", "test_signup.py", "TestSignup"]}