{"name": "Test User Signup", "status": "failed", "statusDetails": {"message": "AssertionError: Signup failed or incorrect profile name displayed", "trace": "self = <tests.test_signup.TestSignup object at 0x000001CAFF067350>\nvalid_data = {'agency_address': 'Kathmandu, Nepal', 'agency_email': 'agencymail@gmail.com', 'agency_name': 'Achyut Agency', 'agency_website': 'www.agency.com', ...}\n\n    @allure.title(\"Test User Signup\")\n    @pytest.mark.parametrize(\"valid_data\",VALID_DATA)\n    def test_user_signup(self, valid_data):\n        with allure.step(\"Navigate to Login Page\"):\n            self.signup_page.click_login_link()\n            time.sleep(2)\n            assert_true(\"login\" in self.driver.current_url, \"Login page did not load correctly\", \"login_link\",self.signup_page)\n    \n        with allure.step(\"Navigate to Signup Page\"):\n            self.signup_page.click_signup_link()\n            time.sleep(2)\n            assert_true(\"register\" in self.driver.current_url, \"Signup page did not load correctly\",\"signup_link\", self.signup_page)\n    \n        with allure.step(\"Check privacy policy checkbox and click on continue\"):\n            self.signup_page.click_privacy_policy_checkbox()\n            self.signup_page.click_continue_button()\n    \n        with allure.step(\"Setting up account details and otp verification\"):\n            self.signup_page.enter_first_name(valid_data[\"first_name\"])\n            self.signup_page.enter_last_name(valid_data[\"last_name\"])\n            self.signup_page.enter_email(valid_data[\"email\"])\n            self.signup_page.enter_phone_number(valid_data[\"phone_number\"])\n            self.signup_page.enter_password(valid_data[\"password\"])\n            self.signup_page.enter_confirm_password(valid_data[\"confirm_password\"])\n            self.signup_page.click_next_button1()\n            time.sleep(20)\n            self.signup_page.enter_otp(get_otp_from_email())\n            self.signup_page.click_verify_code_button()\n    \n        with allure.step(\"Filling out Agency Details\"):\n            self.signup_page.enter_agency_name(valid_data[\"agency_name\"])\n            self.signup_page.enter_role_in_agency(valid_data[\"role_in_agency\"])\n            self.signup_page.enter_agency_email(valid_data[\"agency_email\"])\n            self.signup_page.enter_agency_website(valid_data[\"agency_website\"])\n            self.signup_page.enter_agency_address(valid_data[\"agency_address\"])\n            self.signup_page.select_region_of_operation()\n            self.signup_page.click_next_button2()\n    \n        with allure.step(\"Filling out personal experience\"):\n            self.signup_page.select_experience_year()\n            self.signup_page.enter_students_recruited(valid_data[\"students_recruited\"])\n            self.signup_page.enter_focus_area(valid_data[\"focus_area\"])\n            self.signup_page.enter_success_metrics(valid_data[\"success_metrics\"])\n            self.signup_page.select_services()\n            self.signup_page.click_next_button3()\n    \n        with allure.step(\"Uploading a file and finalizing Signup\"):\n            self.signup_page.enter_business_registration(valid_data[\"business_registration\"])\n            self.signup_page.select_preferred_countries()\n            self.signup_page.select_preferred_institution()\n            time.sleep(5)\n            upload_file(self.driver)\n            self.signup_page.click_submit_button()\n    \n        profile_name = self.signup_page.get_element_text(self.signup_page.PROFILE_NAME)\n>       assert_true(valid_data[\"first_name\"]+\"  \"+valid_data[\"last_name\"] == profile_name, \"Signup failed or incorrect profile name displayed\", \"signup\", self.signup_page)\n\ntests\\test_signup.py:77: \n_ _ _ _ _ _ _ _ _ _ _ _ _ _ _ _ _ _ _ _ _ _ _ _ _ _ _ _ _ _ _ _ _ _ _ _ _ _ _ _ _ _ _ _ _ _ _ _ _ _ _ _ _ _ _ _ _ _\nutils\\assertions.py:6: in assert_true\n    raise e\n_ _ _ _ _ _ _ _ _ _ _ _ _ _ _ _ _ _ _ _ _ _ _ _ _ _ _ _ _ _ _ _ _ _ _ _ _ _ _ _ _ _ _ _ _ _ _ _ _ _ _ _ _ _ _ _ _ _\n\ncondition = False, message = 'Signup failed or incorrect profile name displayed', module = 'signup'\npage = <pages.signup_page.SignupPage object at 0x000001CAFF064C50>\n\n    def assert_true(condition, message, module, page):\n        try:\n>           assert condition, message\n                   ^^^^^^^^^\nE           AssertionError: Signup failed or incorrect profile name displayed\n\nutils\\assertions.py:3: AssertionError"}, "steps": [{"name": "Navigate to Login Page", "status": "passed", "start": 1770732280712, "stop": 1770732283668}, {"name": "Navigate to Signup Page", "status": "passed", "start": 1770732283668, "stop": 1770732286501}, {"name": "Check privacy policy checkbox and click on continue", "status": "passed", "start": 1770732286501, "stop": 1770732286825}, {"name": "Setting up account details and otp verification", "status": "passed", "start": 1770732286825, "stop": 1770732314048}, {"name": "Filling out Agency Details", "status": "passed", "start": 1770732314048, "stop": 1770732318144}, {"name": "Filling out personal experience", "status": "passed", "start": 1770732318144, "stop": 1770732321366}, {"name": "Uploading a file and finalizing Signup", "status": "passed", "start": 1770732321366, "stop": 1770732329336}], "attachments": [{"name": "signup_assertion_error", "source": "c8a1ff2f-20e5-4b90-9d26-164855ed0e54-attachment.png", "type": "image/png"}], "parameters": [{"name": "valid_data", "value": "{'first_name': 'Achyut', 'last_name': 'Dhakal', 'email': 'automationtest067+automations135@gmail.com', 'phone_number': '9825875489', 'password': 'Testtest7*', 'confirm_password': 'Testtest7*', 'agency_name': 'Achyut Agency', 'role_in_agency': 'Manager', 'agency_email': 'agencymail@gmail.com', 'agency_website': 'www.agency.com', 'agency_address': 'Kathmandu, Nepal', 'students_recruited': '50', 'focus_area': 'Engineering', 'success_metrics': '80', 'business_registration': '123456'}"}], "start": 1770732280712, "stop": 1770732335950, "uuid": "05b22d1f-61f2-405f-95a6-e899f73b4296", "historyId": "87ea9ad4ba43d966f6b6cc9f68ae8f9d", "testCaseId": "b55898f1993559ab401531a5299ad9e3", "fullName": "tests.test_signup.TestSignup#test_user_signup", "labels": [{"name": "parentSuite", "value": "tests"}, {"name": "suite", "value": "test_signup"}, {"name": "subSuite", "value": "TestSignup"}, {"name": "host", "value": "DESKTOP-3H9EBVT"}, {"name": "thread", "value": "6424-MainThread"}, {"name": "framework", "value": "pytest"}, {"name": "language", "value": "cpython3"}, {"name": "package", "value": "tests.test_signup"}], "titlePath": ["tests", "test_signup.py", "TestSignup"]}